<?xml version="1.0" encoding="UTF-8"?>
<!-- Generated by org.testng.reporters.JUnitReportReporter -->
<testsuite hostname="biji" failures="0" tests="1" name="scripts.TestCase2" time="9.001" errors="0" timestamp="2023-10-27T11:05:42 IST" skipped="0">
  <testcase classname="scripts.TestCase2" name="tc2" time="9.001"/>
</testsuite> <!-- scripts.TestCase2 -->
