<?xml version="1.0" encoding="UTF-8"?>
<!-- Generated by org.testng.reporters.JUnitReportReporter -->
<testsuite hostname="biji" failures="0" tests="1" name="scripts.TestCase1" time="22.508" errors="0" timestamp="2023-10-27T11:04:59 IST" skipped="0">
  <testcase classname="scripts.TestCase1" name="tc1" time="22.508"/>
</testsuite> <!-- scripts.TestCase1 -->
